<?xml version="1.0" encoding="UTF-8"?>
<coverage generated="1566500689026" clover="3.2.0">
  <project timestamp="1566500689027" name="All files">
    <metrics statements="24" coveredstatements="24" conditionals="8" coveredconditionals="8" methods="6" coveredmethods="6" elements="38" coveredelements="38" complexity="0" loc="24" ncloc="24" packages="1" files="1" classes="1"/>
    <file name="index.js" path="/Users/clawall/trabalho/json-2-prom/index.js">
      <metrics statements="24" coveredstatements="24" conditionals="8" coveredconditionals="8" methods="6" coveredmethods="6"/>
      <line num="1" count="1" type="stmt"/>
      <line num="2" count="1" type="stmt"/>
      <line num="3" count="1" type="stmt"/>
      <line num="4" count="1" type="stmt"/>
      <line num="5" count="1" type="stmt"/>
      <line num="6" count="1" type="stmt"/>
      <line num="8" count="12" type="cond" truecount="2" falsecount="0"/>
      <line num="15" count="1" type="stmt"/>
      <line num="16" count="12" type="stmt"/>
      <line num="18" count="12" type="stmt"/>
      <line num="23" count="12" type="stmt"/>
      <line num="26" count="1" type="stmt"/>
      <line num="27" count="18" type="stmt"/>
      <line num="28" count="18" type="stmt"/>
      <line num="30" count="18" type="cond" truecount="2" falsecount="0"/>
      <line num="31" count="10" type="stmt"/>
      <line num="34" count="18" type="cond" truecount="2" falsecount="0"/>
      <line num="35" count="10" type="stmt"/>
      <line num="38" count="18" type="stmt"/>
      <line num="41" count="1" type="stmt"/>
      <line num="42" count="14" type="cond" truecount="2" falsecount="0"/>
      <line num="43" count="6" type="stmt"/>
      <line num="46" count="12" type="stmt"/>
      <line num="49" count="1" type="stmt"/>
    </file>
  </project>
</coverage>
