{"/Users/clawall/trabalho/json-2-prom/index.js": {"path":"/Users/clawall/trabalho/json-2-prom/index.js","statementMap":{"0":{"start":{"line":1,"column":20},"end":{"line":1,"column":49}},"1":{"start":{"line":2,"column":12},"end":{"line":2,"column":33}},"2":{"start":{"line":3,"column":12},"end":{"line":3,"column":33}},"3":{"start":{"line":4,"column":16},"end":{"line":4,"column":41}},"4":{"start":{"line":5,"column":18},"end":{"line":5,"column":45}},"5":{"start":{"line":6,"column":24},"end":{"line":6,"column":51}},"6":{"start":{"line":8,"column":22},"end":{"line":13,"column":8}},"7":{"start":{"line":8,"column":34},"end":{"line":13,"column":8}},"8":{"start":{"line":15,"column":28},"end":{"line":24,"column":1}},"9":{"start":{"line":16,"column":26},"end":{"line":16,"column":59}},"10":{"start":{"line":18,"column":19},"end":{"line":21,"column":5}},"11":{"start":{"line":23,"column":4},"end":{"line":23,"column":68}},"12":{"start":{"line":26,"column":32},"end":{"line":39,"column":1}},"13":{"start":{"line":27,"column":25},"end":{"line":27,"column":27}},"14":{"start":{"line":28,"column":17},"end":{"line":28,"column":38}},"15":{"start":{"line":30,"column":4},"end":{"line":32,"column":5}},"16":{"start":{"line":31,"column":8},"end":{"line":31,"column":83}},"17":{"start":{"line":34,"column":4},"end":{"line":36,"column":5}},"18":{"start":{"line":35,"column":8},"end":{"line":35,"column":98}},"19":{"start":{"line":38,"column":4},"end":{"line":38,"column":119}},"20":{"start":{"line":38,"column":74},"end":{"line":38,"column":116}},"21":{"start":{"line":41,"column":18},"end":{"line":47,"column":1}},"22":{"start":{"line":42,"column":4},"end":{"line":44,"column":5}},"23":{"start":{"line":43,"column":8},"end":{"line":43,"column":94}},"24":{"start":{"line":43,"column":52},"end":{"line":43,"column":92}},"25":{"start":{"line":46,"column":4},"end":{"line":46,"column":68}},"26":{"start":{"line":49,"column":0},"end":{"line":49,"column":26}}},"fnMap":{"0":{"name":"(anonymous_0)","decl":{"start":{"line":8,"column":22},"end":{"line":8,"column":23}},"loc":{"start":{"line":8,"column":34},"end":{"line":13,"column":8}},"line":8},"1":{"name":"(anonymous_1)","decl":{"start":{"line":15,"column":28},"end":{"line":15,"column":29}},"loc":{"start":{"line":15,"column":55},"end":{"line":24,"column":1}},"line":15},"2":{"name":"(anonymous_2)","decl":{"start":{"line":26,"column":32},"end":{"line":26,"column":33}},"loc":{"start":{"line":26,"column":51},"end":{"line":39,"column":1}},"line":26},"3":{"name":"(anonymous_3)","decl":{"start":{"line":38,"column":64},"end":{"line":38,"column":65}},"loc":{"start":{"line":38,"column":74},"end":{"line":38,"column":116}},"line":38},"4":{"name":"(anonymous_4)","decl":{"start":{"line":41,"column":18},"end":{"line":41,"column":19}},"loc":{"start":{"line":41,"column":41},"end":{"line":47,"column":1}},"line":41},"5":{"name":"(anonymous_5)","decl":{"start":{"line":43,"column":40},"end":{"line":43,"column":41}},"loc":{"start":{"line":43,"column":52},"end":{"line":43,"column":92}},"line":43}},"branchMap":{"0":{"loc":{"start":{"line":8,"column":34},"end":{"line":13,"column":8}},"type":"cond-expr","locations":[{"start":{"line":9,"column":6},"end":{"line":12,"column":6}},{"start":{"line":13,"column":6},"end":{"line":13,"column":8}}],"line":8},"1":{"loc":{"start":{"line":30,"column":4},"end":{"line":32,"column":5}},"type":"if","locations":[{"start":{"line":30,"column":4},"end":{"line":32,"column":5}},{"start":{"line":30,"column":4},"end":{"line":32,"column":5}}],"line":30},"2":{"loc":{"start":{"line":34,"column":4},"end":{"line":36,"column":5}},"type":"if","locations":[{"start":{"line":34,"column":4},"end":{"line":36,"column":5}},{"start":{"line":34,"column":4},"end":{"line":36,"column":5}}],"line":34},"3":{"loc":{"start":{"line":42,"column":4},"end":{"line":44,"column":5}},"type":"if","locations":[{"start":{"line":42,"column":4},"end":{"line":44,"column":5}},{"start":{"line":42,"column":4},"end":{"line":44,"column":5}}],"line":42}},"s":{"0":1,"1":1,"2":1,"3":1,"4":1,"5":1,"6":1,"7":12,"8":1,"9":12,"10":12,"11":12,"12":1,"13":18,"14":18,"15":18,"16":10,"17":18,"18":10,"19":18,"20":12,"21":1,"22":14,"23":2,"24":6,"25":12,"26":1},"f":{"0":12,"1":12,"2":18,"3":12,"4":14,"5":6},"b":{"0":[8,4],"1":[10,8],"2":[10,8],"3":[2,12]},"_coverageSchema":"43e27e138ebf9cfc5966b082cf9a028302ed4184","hash":"74b7de6b5276c4bda3bc639c0328269be62a7bc2"}
}
