TN:
SF:/Users/clawall/trabalho/json-2-prom/index.js
FN:8,(anonymous_0)
FN:15,(anonymous_1)
FN:26,(anonymous_2)
FN:38,(anonymous_3)
FN:41,(anonymous_4)
FN:43,(anonymous_5)
FNF:6
FNH:6
FNDA:12,(anonymous_0)
FNDA:12,(anonymous_1)
FNDA:18,(anonymous_2)
FNDA:12,(anonymous_3)
FNDA:14,(anonymous_4)
FNDA:6,(anonymous_5)
DA:1,1
DA:2,1
DA:3,1
DA:4,1
DA:5,1
DA:6,1
DA:8,12
DA:15,1
DA:16,12
DA:18,12
DA:23,12
DA:26,1
DA:27,18
DA:28,18
DA:30,18
DA:31,10
DA:34,18
DA:35,10
DA:38,18
DA:41,1
DA:42,14
DA:43,6
DA:46,12
DA:49,1
LF:24
LH:24
BRDA:8,0,0,8
BRDA:8,0,1,4
BRDA:30,1,0,10
BRDA:30,1,1,8
BRDA:34,2,0,10
BRDA:34,2,1,8
BRDA:42,3,0,2
BRDA:42,3,1,12
BRF:8
BRH:8
end_of_record
